R: (SYS)REDSAT 
Fri,  2-Jun-95  9:00:00 PDT
Frame 55 user MAIL: (MAIL)MAILER 
Fri,  2-Jun-95 10:00:07 PDT
Frame 90 user MAIL: (MAIL)MAILER 
Fri,  2-Jun-95 11:00:19 PDT
Frame 72 user MAIL: (MAIL)MAILER 
Fri,  2-Jun-95 12:00:04 PDT
Frame 81 user MAIL: (MAIL)MAILER 
Fri,  2-Jun-95 13:00:01 PDT
Frame 42 user MAIL: (MAIL)MAILER 
Fri,  2-Jun-95 14:00:05 PDT
Frame 8 user MAIL: (MAIL)MAILER 
Fri,  2-Jun-95 15:00:02 PDT
Frame 14 user MAIL: (MAIL)MAILER 
Fri,  2-Jun-95 15:59:59 PDT
Frame 15 user MAIL: (MAIL)MAILER 
Frame 44 user PERPOPER: (SYS)REDSAT 
Fri,  2-Jun-95 17:00:01 PDT
Frame 23 user MAIL: (MAIL)MAILER 
Fri,  2-Jun-95 18:00:24 PDT
Frame 15 user MAIL: (MAIL)MAILER 
Fri,  2-Jun-95 19:00:01 PDT
Frame 14 user MAIL: (MAIL)MAILER 
Fri,  2-Jun-95 20:00:00 PDT
Frame 13 user MAIL: (MAIL)MAILER 
Fri,  2-Jun-95 21:00:00 PDT
Frame 28 user MAIL: (MAIL)MAILER 
Fri,  2-Jun-95 22:00:00 PDT
Frame 16 user MAIL: (MAIL)MAILER 
Fri,  2-Jun-95 23:00:01 PDT
Frame 32 user MAIL: (MAIL)MAILER 
Sat,  3-Jun-95  0:00:04 PDT
Frame 12 user MAIL: (MAIL)MAILER 
Frame 23 user PERPOPER: (SYS)REDSAT 
Sat,  3-Jun-95  1:00:00 PDT
Frame 31 user MAIL: (MAIL)MAILER 
Sat,  3-Jun-95  2:00:00 PDT
Frame 29 user MAIL: (MAIL)MAILER 
Sat,  3-Jun-95  3:00:07 PDT
Frame 12 user MAIL: (MAIL)MAILER 
Sat,  3-Jun-95  4:00:01 PDT
Frame 35 user MAIL: (MAIL)MAILER 
Sat,  3-Jun-95  5:00:00 PDT
Frame 29 user MAIL: (MAIL)MAILER 
Sat,  3-Jun-95  6:00:00 PDT
Frame 39 user MAIL: (MAIL)MAILER 
Sat,  3-Jun-95  7:00:02 PDT
Frame 15 user MAIL: (MAIL)MAILER 
Sat,  3-Jun-95  7:59:59 PDT
Frame 26 user MAIL: (MAIL)MAILER 
Frame 32 user PERPOPER: (SYS)REDSAT 
Sat,  3-Jun-95  9:00:00 PDT
Frame 10 user MAIL: (MAIL)MAILER 
Sat,  3-Jun-95 10:00:00 PDT
Frame 29 user MAIL: (MAIL)MAILER 
Sat,  3-Jun-95 10:59:59 PDT
Frame 39 user MAIL: (MAIL)MAILER 
Sat,  3-Jun-95 11:59:59 PDT
Frame 48 user MAIL: (MAIL)MAILER 
Sat,  3-Jun-95 12:59:59 PDT
Frame 42 user MAIL: (MAIL)MAILER 
Sat,  3-Jun-95 14:00:00 PDT
Frame 12 user MAIL: (MAIL)MAILER 
Sat,  3-Jun-95 15:00:00 PDT
Frame 32 user MAIL: (MAIL)MAILER 
Sat,  3-Jun-95 15:59:59 PDT
Frame 17 user MAIL: (MAIL)MAILER 
Frame 32 user PERPOPER: (SYS)REDSAT 
Sat,  3-Jun-95 17:00:00 PDT
Frame 31 user MAIL: (MAIL)MAILER 
Sat,  3-Jun-95 18:00:02 PDT
Frame 23 user MAIL: (MAIL)MAILER 
Sat,  3-Jun-95 19:00:01 PDT
Frame 36 user MAIL: (MAIL)MAILER 
Sat,  3-Jun-95 19:59:59 PDT
Frame 25 user MAIL: (MAIL)MAILER 
Sat,  3-Jun-95 21:00:00 PDT
Frame 35 user MAIL: (MAIL)MAILER 
Sat,  3-Jun-95 22:00:17 PDT
Frame 10 user MAIL: (MAIL)MAILER 
Sat,  3-Jun-95 23:00:07 PDT
Frame 8 user MAIL: (MAIL)MAILER 
Sat,  3-Jun-95 23:00:11 PDT notice to quit
Sun,  4-Jun-95  3:01:57 PDT system startup
Frame 1 user PJ: (PJ)PAM 
Frame 5 user PERPOPER: (SYS)SYSLOG 
Frame 7 user MAIL: (MAIL)MAILER 
Sun,  4-Jun-95  4:00:00 PDT
Frame 25 user MAIL: (MAIL)MAILER 
Sun,  4-Jun-95  4:59:59 PDT
Frame 19 user MAIL: (MAIL)MAILER 
Sun,  4-Jun-95  6:00:05 PDT
Frame 18 user MAIL: (MAIL)MAILER 
Sun,  4-Jun-95  6:59:59 PDT
Frame 7 user MAIL: (MAIL)MAILER 
Sun,  4-Jun-95  7:59:59 PDT
Frame 23 user MAIL: (MAIL)MAILER 
Frame 30 user PERPOPER: (SYS)REDSAT 
Sun,  4-Jun-95  9:00:00 PDT
Frame 23 user MAIL: (MAIL)MAILER 
Sun,  4-Jun-95 10:00:00 PDT
Frame 19 user MAIL: (MAIL)MAILER 
Sun,  4-Jun-95 11:00:00 PDT
Frame 15 user MAIL: (MAIL)MAILER 
Sun,  4-Jun-95 12:00:00 PDT
Frame 17 user MAIL: (MAIL)MAILER 
Sun,  4-Jun-95 12:59:59 PDT
Frame 31 user MAIL: (MAIL)MAILER 
Sun,  4-Jun-95 13:59:59 PDT
Frame 31 user MAIL: (MAIL)MAILER 
Sun,  4-Jun-95 15:00:00 PDT
Frame 37 user MAIL: (MAIL)MAILER 
Sun,  4-Jun-95 15:59:59 PDT
Frame 27 user MAIL: (MAIL)MAILER 
Frame 30 user PERPOPER: (SYS)REDSAT 
Sun,  4-Jun-95 16:59:59 PDT
Frame 23 user MAIL: (MAIL)MAILER 
Sun,  4-Jun-95 18:00:03 PDT
Frame 51 user MAIL: (MAIL)MAILER 
Sun,  4-Jun-95 18:59:59 PDT
Frame 17 user MAIL: (MAIL)MAILER 
Sun,  4-Jun-95 20:00:06 PDT
Frame 29 user MAIL: (MAIL)MAILER 
Sun,  4-Jun-95 21:00:01 PDT
Frame 40 user MAIL: (MAIL)MAILER 
Sun,  4-Jun-95 22:00:01 PDT
Frame 45 user MAIL: (MAIL)MAILER 
Sun,  4-Jun-95 23:00:01 PDT
Frame 44 user MAIL: (MAIL)MAILER 
Mon,  5-Jun-95  0:00:02 PDT
Frame 46 user MAIL: (MAIL)MAILER 
Frame 47 user PERPOPER: (SYS)REDSAT 
Mon,  5-Jun-95  1:00:02 PDT
Frame 30 user MAIL: (MAIL)MAILER 
Mon,  5-Jun-95  2:00:03 PDT
Frame 21 user MAIL: (MAIL)MAILER 
Mon,  5-Jun-95  3:00:03 PDT
Frame 11 user MAIL: (MAIL)MAILER 
Mon,  5-Jun-95  4:00:06 PDT
Frame 15 user MAIL: (MAIL)MAILER 
Mon,  5-Jun-95  5:00:00 PDT
Frame 18 user MAIL: (MAIL)MAILER 
Mon,  5-Jun-95  6:00:04 PDT
Frame 68 user MAIL: (MAIL)MAILER 
Mon,  5-Jun-95  7:00:05 PDT
Frame 111 user MAIL: (MAIL)MAILER 
Mon,  5-Jun-95  8:00:03 PDT
Frame 53 user MAIL: (MAIL)MAILER 
Frame 75 user PERPOPER: (SYS)REDSAT 
Mon,  5-Jun-95  9:00:02 PDT
Frame 75 user MAIL: (MAIL)MAILER 
Mon,  5-Jun-95 10:00:04 PDT
Frame 44 user MAIL: (MAIL)MAILER 
Mon,  5-Jun-95 11:00:01 PDT
Frame 50 user MAIL: (MAIL)MAILER 
Mon,  5-Jun-95 12:00:02 PDT
Frame 26 user MAIL: (MAIL)MAILER 
Mon,  5-Jun-95 13:00:05 PDT
Frame 96 user MAIL: (MAIL)MAILER 
Mon,  5-Jun-95 14:00:05 PDT
Frame 68 user MAIL: (MAIL)MAILER 
Mon,  5-Jun-95 15:00:06 PDT
Frame 27 user MAIL: (MAIL)MAILER 
Mon,  5-Jun-95 16:00:03 PDT
Frame 57 user MAIL: (MAIL)MAILER 
Frame 59 user PERPOPER: (SYS)REDSAT 
Mon,  5-Jun-95 17:00:03 PDT
Frame 40 user MAIL: (MAIL)MAILER 
Mon,  5-Jun-95 18:00:08 PDT
Frame 40 user MAIL: (MAIL)MAILER 
Mon,  5-Jun-95 19:00:04 PDT
Frame 67 user MAIL: (MAIL)MAILER 
Mon,  5-Jun-95 20:00:06 PDT
Frame 61 user MAIL: (MAIL)MAILER 
Mon,  5-Jun-95 21:00:01 PDT
Frame 43 user MAIL: (MAIL)MAILER 
Mon,  5-Jun-95 22:00:03 PDT
Frame 19 user MAIL: (MAIL)MAILER 
Mon,  5-Jun-95 23:00:08 PDT
Frame 22 user MAIL: (MAIL)MAILER 
Tue,  6-Jun-95  0:00:02 PDT
Frame 74 user MAIL: (MAIL)MAILER 
Frame 79 user PERPOPER: (SYS)REDSAT 
Tue,  6-Jun-95  1:00:04 PDT
Frame 94 user MAIL: (MAIL)MAILER 
Tue,  6-Jun-95  2:00:01 PDT
Frame 73 user MAIL: (MAIL)MAILER 
Tue,  6-Jun-95  3:00:05 PDT
Frame 58 user MAIL: (MAIL)MAILER 
Tue,  6-Jun-95  4:00:02 PDT
Frame 23 user MAIL: (MAIL)MAILER 
Tue,  6-Jun-95  5:00:04 PDT
Frame 43 user MAIL: (MAIL)MAILER 
Tue,  6-Jun-95  6:00:01 PDT
Frame 15 user MAIL: (MAIL)MAILER 
Tue,  6-Jun-95  7:00:01 PDT
Frame 109 user MAIL: (MAIL)MAILER 
Tue,  6-Jun-95  8:00:00 PDT
Frame 77 user MAIL: (MAIL)MAILER 
Frame 116 user PERPOPER: (SYS)REDSAT 
Tue,  6-Jun-95  8:29:17 PDT system startup
Frame 1 user PJ: (PJ)PAM 
Frame 5 user PERPOPER: (SYS)SYSLOG 
Frame 7 user MAIL: (MAIL)MAILER 
Frame 8 user PERPOPER: (SYS)REDSAT 
Tue,  6-Jun-95  9:00:10 PDT
Frame 115 user MAIL: (MAIL)MAILER 
Tue,  6-Jun-95 10:00:02 PDT
Frame 109 user MAIL: (MAIL)MAILER 
Tue,  6-Jun-95 11:00:02 PDT
Frame 74 user MAIL: (MAIL)MAILER 
Tue,  6-Jun-95 12:00:06 PDT
Frame 52 user MAIL: (MAIL)MAILER 
Tue,  6-Jun-95 13:00:03 PDT
Frame 98 user MAIL: (MAIL)MAILER 
Tue,  6-Jun-95 14:00:01 PDT
Frame 74 user MAIL: (MAIL)MAILER 
Tue,  6-Jun-95 15:00:09 PDT
Frame 27 user MAIL: (MAIL)MAILER 
Tue,  6-Jun-95 16:00:00 PDT
Frame 48 user MAIL: (MAIL)MAILER 
Frame 49 user PERPOPER: (SYS)REDSAT 
Tue,  6-Jun-95 17:00:05 PDT
Frame 44 user MAIL: (MAIL)MAILER 
Tue,  6-Jun-95 18:00:03 PDT
Frame 66 user MAIL: (MAIL)MAILER 
Tue,  6-Jun-95 19:00:07 PDT
Frame 36 user MAIL: (MAIL)MAILER 
Tue,  6-Jun-95 19:59:59 PDT
Frame 51 user MAIL: (MAIL)MAILER 
Tue,  6-Jun-95 20:59:59 PDT
Frame 44 user MAIL: (MAIL)MAILER 
Tue,  6-Jun-95 22:00:08 PDT
Frame 26 user MAIL: (MAIL)MAILER 
Tue,  6-Jun-95 23:00:01 PDT
Frame 35 user MAIL: (MAIL)MAILER 
Wed,  7-Jun-95  0:00:03 PDT
Frame 10 user MAIL: (MAIL)MAILER 
Frame 16 user PERPOPER: (SYS)REDSAT 
Wed,  7-Jun-95  1:00:02 PDT
Frame 26 user MAIL: (MAIL)MAILER 
Wed,  7-Jun-95  1:59:59 PDT
Frame 12 user MAIL: (MAIL)MAILER 
Wed,  7-Jun-95  3:00:02 PDT
Frame 93 user MAIL: (MAIL)MAILER 
Wed,  7-Jun-95  4:00:01 PDT
Frame 51 user MAIL: (MAIL)MAILER 
Wed,  7-Jun-95  5:00:01 PDT
Frame 89 user MAIL: (MAIL)MAILER 
Wed,  7-Jun-95  6:00:00 PDT
Frame 100 user MAIL: (MAIL)MAILER 
Wed,  7-Jun-95  7:00:00 PDT
Frame 89 user MAIL: (MAIL)MAILER 
Wed,  7-Jun-95  8:00:01 PDT
Frame 54 user MAIL: (MAIL)MAILER 
Frame 79 user PERPOPER: (SYS)REDSAT 
Wed,  7-Jun-95  9:00:01 PDT
Frame 112 user MAIL: (MAIL)MAILER 
Wed,  7-Jun-95 10:00:01 PDT
Frame 115 user MAIL: (MAIL)MAILER 
Wed,  7-Jun-95 11:00:00 PDT
Frame 40 user MAIL: (MAIL)MAILER 
Wed,  7-Jun-95 12:00:02 PDT
Frame 55 user MAIL: (MAIL)MAILER 
Wed,  7-Jun-95 13:00:04 PDT
Frame 49 user MAIL: (MAIL)MAILER 
Wed,  7-Jun-95 13:09:18 PDT system startup
Frame 1 user PJ: (PJ)PAM 
Frame 5 user PERPOPER: (SYS)SYSLOG 
Frame 7 user MAIL: (MAIL)MAILER 
Wed,  7-Jun-95 14:00:09 PDT
Frame 67 user MAIL: (MAIL)MAILER 
Wed,  7-Jun-95 15:00:10 PDT
Frame 68 user MAIL: (MAIL)MAILER 
Wed,  7-Jun-95 16:00:04 PDT
Frame 58 user MAIL: (MAIL)MAILER 
Frame 59 user PERPOPER: (SYS)REDSAT 
Wed,  7-Jun-95 17:00:00 PDT
Frame 49 user MAIL: (MAIL)MAILER 
Wed,  7-Jun-95 18:00:04 PDT
Frame 53 user MAIL: (MAIL)MAILER 
Wed,  7-Jun-95 19:00:12 PDT
Frame 45 user MAIL: (MAIL)MAILER 
Wed,  7-Jun-95 20:00:00 PDT
Frame 33 user MAIL: (MAIL)MAILER 
Wed,  7-Jun-95 21:00:01 PDT
Frame 56 user MAIL: (MAIL)MAILER 
Wed,  7-Jun-95 22:00:04 PDT
Frame 39 user MAIL: (MAIL)MAILER 
Wed,  7-Jun-95 23:00:01 PDT
Frame 57 user MAIL: (MAIL)MAILER 
Wed,  7-Jun-95 23:59:59 PDT
Frame 66 user MAIL: (MAIL)MAILER 
Frame 70 user PERPOPER: (SYS)REDSAT 
Thu,  8-Jun-95  1:00:01 PDT
Frame 59 user MAIL: (MAIL)MAILER 
Thu,  8-Jun-95  2:00:01 PDT
Frame 69 user MAIL: (MAIL)MAILER 
Thu,  8-Jun-95  3:00:02 PDT
Frame 66 user MAIL: (MAIL)MAILER 
Thu,  8-Jun-95  4:00:03 PDT
Frame 28 user MAIL: (MAIL)MAILER 
Thu,  8-Jun-95  5:00:04 PDT
Frame 8 user MAIL: (MAIL)MAILER 
Thu,  8-Jun-95  6:00:05 PDT
Frame 45 user MAIL: (MAIL)MAILER 
Thu,  8-Jun-95  7:00:04 PDT
Frame 59 user MAIL: (MAIL)MAILER 
Thu,  8-Jun-95  8:00:01 PDT
Frame 78 user MAIL: (MAIL)MAILER 
Frame 101 user PERPOPER: (SYS)REDSAT 
Thu,  8-Jun-95  8:59:59 PDT
Frame 75 user MAIL: (MAIL)MAILER 
Thu,  8-Jun-95 10:00:03 PDT
Frame 89 user MAIL: (MAIL)MAILER 
Thu,  8-Jun-95 11:00:06 PDT
Frame 41 user MAIL: (MAIL)MAILER 
Thu,  8-Jun-95 12:00:04 PDT
Frame 86 user MAIL: (MAIL)MAILER 
Thu,  8-Jun-95 13:00:00 PDT
Frame 88 user MAIL: (MAIL)MAILER 
Thu,  8-Jun-95 14:00:01 PDT
Frame 44 user MAIL: (MAIL)MAILER 
Thu,  8-Jun-95 15:00:03 PDT
Frame 33 user MAIL: (MAIL)MAILER 
Thu,  8-Jun-95 16:00:03 PDT
Frame 65 user MAIL: (MAIL)MAILER 
Frame 66 user PERPOPER: (SYS)REDSAT 
Thu,  8-Jun-95 17:00:03 PDT
Frame 63 user MAIL: (MAIL)MAILER 
Thu,  8-Jun-95 18:00:05 PDT
Frame 37 user MAIL: (MAIL)MAILER 
Thu,  8-Jun-95 19:00:05 PDT
Frame 29 user MAIL: (MAIL)MAILER 
Thu,  8-Jun-95 20:00:04 PDT
Frame 68 user MAIL: (MAIL)MAILER 
Thu,  8-Jun-95 21:00:02 PDT
Frame 67 user MAIL: (MAIL)MAILER 
Thu,  8-Jun-95 22:00:00 PDT
Frame 19 user MAIL: (MAIL)MAILER 
Thu,  8-Jun-95 23:00:03 PDT
Frame 41 user MAIL: (MAIL)MAILER 
Fri,  9-Jun-95  0:00:04 PDT
Frame 60 user MAIL: (MAIL)MAILER 
Frame 63 user PERPOPER: (SYS)REDSAT 
Fri,  9-Jun-95  1:00:04 PDT
Frame 104 user MAIL: (MAIL)MAILER 
Fri,  9-Jun-95  2:00:00 PDT
Frame 30 user MAIL: (MAIL)MAILER 
Fri,  9-Jun-95  3:00:04 PDT
Frame 86 user MAIL: (MAIL)MAILER 
Fri,  9-Jun-95  4:00:00 PDT
Frame 22 user MAIL: (MAIL)MAILER 
Fri,  9-Jun-95  5:00:04 PDT
Frame 91 user MAIL: (MAIL)MAILER 
Fri,  9-Jun-95  6:00:04 PDT
Frame 50 user MAIL: (MAIL)MAILER 
Fri,  9-Jun-95  7:00:03 PDT
Frame 47 user MAIL: (MAIL)MAILER 
Fri,  9-Jun-95  8:00:00 PDT
Frame 108 user MAIL: (MAIL)MAILER 
Frame 114 user PERPOPER: (SYS)REDSAT 
Fri,  9-Jun-95  9:00:01 PDT
Frame 102 user MAIL: (MAIL)MAILER 
Fri,  9-Jun-95 10:00:05 PDT
Frame 62 user MAIL: (MAIL)MAILER 
Fri,  9-Jun-95 11:00:03 PDT
Frame 86 user MAIL: (MAIL)MAILER 
Fri,  9-Jun-95 12:00:03 PDT
Frame 17 user MAIL: (MAIL)MAILER 
Fri,  9-Jun-95 13:00:03 PDT
Frame 21 user MAIL: (MAIL)MAILER 
Fri,  9-Jun-95 14:00:06 PDT
Frame 77 user MAIL: (MAIL)MAILER 
Fri,  9-Jun-95 15:00:02 PDT
Frame 27 user MAIL: (MAIL)MAILER 
Fri,  9-Jun-95 15:59:59 PDT
Frame 40 user MAIL: (MAIL)MAILER 
Frame 46 user PERPOPER: (SYS)REDSAT 
Fri,  9-Jun-95 17:00:02 PDT
Frame 28 user MAIL: (MAIL)MAILER 
Fri,  9-Jun-95 18:00:06 PDT
Frame 53 user MAIL: (MAIL)MAILER 
Fri,  9-Jun-95 19:00:03 PDT
Frame 42 user MAIL: (MAIL)MAILER 
Fri,  9-Jun-95 20:00:05 PDT
Frame 7 user MAIL: (MAIL)MAILER 
Fri,  9-Jun-95 21:00:00 PDT
Frame 34 user MAIL: (MAIL)MAILER 
Fri,  9-Jun-95 22:00:01 PDT
Frame 37 user MAIL: (MAIL)MAILER 
Fri,  9-Jun-95 23:00:00 PDT
Frame 18 user MAIL: (MAIL)MAILER 
Sat, 10-Jun-95  0:00:03 PDT
Frame 25 user MAIL: (MAIL)MAILER 
Frame 28 user PERPOPER: (SYS)REDSAT 
Sat, 10-Jun-95  1:00:04 PDT
Frame 37 user MAIL: (MAIL)MAILER 
Sat, 10-Jun-95  2:00:00 PDT
Frame 25 user MAIL: (MAIL)MAILER 
Sat, 10-Jun-95  3:00:02 PDT
Frame 26 user MAIL: (MAIL)MAILER 
Sat, 10-Jun-95  4:00:01 PDT
Frame 24 user MAIL: (MAIL)MAILER 
Sat, 10-Jun-95  5:00:00 PDT
Frame 38 user MAIL: (MAIL)MAILER 
Sat, 10-Jun-95  5:59:59 PDT
Frame 25 user MAIL: (MAIL)MAILER 
Sat, 10-Jun-95  7:00:01 PDT
Frame 35 user MAIL: (MAIL)MAILER 
Sat, 10-Jun-95  8:00:01 PDT
Frame 24 user MAIL: (MAIL)MAILER 
Frame 33 user PERPOPER: (SYS)REDSAT 
Sat, 10-Jun-95  8:59:59 PDT
Frame 25 user MAIL: (MAIL)MAILER 
Sat, 10-Jun-95 10:00:02 PDT
Frame 18 user MAIL: (MAIL)MAILER 
Sat, 10-Jun-95 10:59:59 PDT
Frame 42 user MAIL: (MAIL)MAILER 
Sat, 10-Jun-95 11:59:59 PDT
Frame 13 user MAIL: (MAIL)MAILER 
Sat, 10-Jun-95 13:00:00 PDT
Frame 41 user MAIL: (MAIL)MAILER 
Sat, 10-Jun-95 13:59:59 PDT
Frame 20 user MAIL: (MAIL)MAILER 
Sat, 10-Jun-95 15:00:01 PDT
Frame 7 user MAIL: (MAIL)MAILER 
Sat, 10-Jun-95 16:00:01 PDT
Frame 34 user MAIL: (MAIL)MAILER 
Frame 36 user PERPOPER: (SYS)REDSAT 
Sat, 10-Jun-95 16:59:59 PDT
Frame 41 user MAIL: (MAIL)MAILER 
Sat, 10-Jun-95 18:00:00 PDT
Frame 26 user MAIL: (MAIL)MAILER 
Sat, 10-Jun-95 18:59:59 PDT
Frame 18 user MAIL: (MAIL)MAILER 
Sat, 10-Jun-95 20:00:07 PDT
Frame 15 user MAIL: (MAIL)MAILER 
Sat, 10-Jun-95 21:00:00 PDT
Frame 35 user MAIL: (MAIL)MAILER 
Sat, 10-Jun-95 22:00:00 PDT
Frame 19 user MAIL: (MAIL)MAILER 
Sat, 10-Jun-95 22:59:10 PDT
Frame 5 user PERPOPER: LOGOUT status 4,1 exit
Sat, 10-Jun-95 22:59:12 PDT notice to quit
Sun, 11-Jun-95  2:40:29 PDT system startup
Frame 1 user PJ: (PJ)PAM 
Frame 5 user PERPOPER: (SYS)SYSLOG 
Frame 7 user MAIL: (MAIL)MAILER 
Sun, 11-Jun-95  3:00:00 PDT
Frame 20 user MAIL: (MAIL)MAILER 
Sun, 11-Jun-95  4:00:00 PDT
Frame 15 user MAIL: (MAIL)MAILER 
Sun, 11-Jun-95  5:00:01 PDT
Frame 34 user MAIL: (MAIL)MAILER 
Sun, 11-Jun-95  6:00:01 PDT
Frame 27 user MAIL: (MAIL)MAILER 
Sun, 11-Jun-95  7:00:02 PDT
Frame 19 user MAIL: (MAIL)MAILER 
Sun, 11-Jun-95  8:00:00 PDT
Frame 12 user MAIL: (MAIL)MAILER 
Frame 24 user PERPOPER: (SYS)REDSAT 
Sun, 11-Jun-95  9:00:00 PDT
Frame 32 user MAIL: (MAIL)MAILER 
Sun, 11-Jun-95 10:00:00 PDT
Frame 8 user MAIL: (MAIL)MAILER 
Sun, 11-Jun-95 11:00:00 PDT
Frame 29 user MAIL: (MAIL)MAILER 
Sun, 11-Jun-95 12:00:00 PDT
Frame 19 user MAIL: (MAIL)MAILER 
Sun, 11-Jun-95 13:00:01 PDT
Frame 23 user MAIL: (MAIL)MAILER 
Sun, 11-Jun-95 14:00:00 PDT
Frame 7 user MAIL: (MAIL)MAILER 
Sun, 11-Jun-95 15:00:00 PDT
Frame 34 user MAIL: (MAIL)MAILER 
Sun, 11-Jun-95 16:00:00 PDT
Frame 34 user MAIL: (MAIL)MAILER 
Frame 35 user PERPOPER: (SYS)REDSAT 
Sun, 11-Jun-95 17:00:02 PDT
Frame 33 user MAIL: (MAIL)MAILER 
Sun, 11-Jun-95 18:00:03 PDT
Frame 28 user MAIL: (MAIL)MAILER 
Sun, 11-Jun-95 19:00:02 PDT
Frame 45 user MAIL: (MAIL)MAILER 
Sun, 11-Jun-95 20:00:04 PDT
Frame 27 user MAIL: (MAIL)MAILER 
Sun, 11-Jun-95 21:00:00 PDT
Frame 36 user MAIL: (MAIL)MAILER 
Sun, 11-Jun-95 22:00:00 PDT
Frame 45 user MAIL: (MAIL)MAILER 
Sun, 11-Jun-95 23:00:07 PDT
Frame 25 user MAIL: (MAIL)MAILER 
Mon, 12-Jun-95  0:00:03 PDT
Frame 9 user MAIL: (MAIL)MAILER 
Frame 64 user PERPOPER: (SYS)REDSAT 
Mon, 12-Jun-95  1:00:02 PDT
Frame 54 user MAIL: (MAIL)MAILER 
Mon, 12-Jun-95  2:00:00 PDT
Frame 86 user MAIL: (MAIL)MAILER 
Mon, 12-Jun-95  3:00:01 PDT
Frame 62 user MAIL: (MAIL)MAILER 
Mon, 12-Jun-95  4:00:02 PDT
Frame 36 user MAIL: (MAIL)MAILER 
Mon, 12-Jun-95  5:00:05 PDT
Frame 112 user MAIL: (MAIL)MAILER 
Mon, 12-Jun-95  6:00:01 PDT
Frame 109 user MAIL: (MAIL)MAILER 
Mon, 12-Jun-95  7:00:04 PDT
Frame 24 user MAIL: (MAIL)MAILER 
Mon, 12-Jun-95  8:00:05 PDT
Frame 97 user MAIL: (MAIL)MAILER 
Frame 110 user PERPOPER: (SYS)REDSAT 
Mon, 12-Jun-95  9:00:02 PDT
Frame 106 user MAIL: (MAIL)MAILER 
Mon, 12-Jun-95 10:00:01 PDT
Frame 94 user MAIL: (MAIL)MAILER 
Mon, 12-Jun-95 10:23:11 PDT system startup
Frame 1 user PJ: (PJ)PAM 
Frame 5 user PERPOPER: (SYS)SYSLOG 
Frame 7 user MAIL: (MAIL)MAILER 
Mon, 12-Jun-95 11:00:10 PDT
Frame 90 user MAIL: (MAIL)MAILER 
Mon, 12-Jun-95 12:00:03 PDT
Frame 41 user MAIL: (MAIL)MAILER 
Mon, 12-Jun-95 12:59:59 PDT
Frame 105 user MAIL: (MAIL)MAILER 
Mon, 12-Jun-95 14:00:03 PDT
Frame 11 user MAIL: (MAIL)MAILER 
Mon, 12-Jun-95 15:00:04 PDT
Frame 55 user MAIL: (MAIL)MAILER 
Mon, 12-Jun-95 16:00:01 PDT
Frame 68 user MAIL: (MAIL)MAILER 
Frame 71 user PERPOPER: (SYS)REDSAT 
Mon, 12-Jun-95 17:00:02 PDT
Frame 19 user MAIL: (MAIL)MAILER 
Mon, 12-Jun-95 18:00:03 PDT
Frame 61 user MAIL: (MAIL)MAILER 
Mon, 12-Jun-95 19:00:10 PDT
Frame 10 user MAIL: (MAIL)MAILER 
Mon, 12-Jun-95 20:00:02 PDT
Frame 45 user MAIL: (MAIL)MAILER 
Mon, 12-Jun-95 21:00:01 PDT
Frame 50 user MAIL: (MAIL)MAILER 
Mon, 12-Jun-95 22:00:03 PDT
Frame 41 user MAIL: (MAIL)MAILER 
Mon, 12-Jun-95 23:00:10 PDT
Frame 28 user MAIL: (MAIL)MAILER 
Tue, 13-Jun-95  0:00:02 PDT
Frame 60 user MAIL: (MAIL)MAILER 
Frame 61 user PERPOPER: (SYS)REDSAT 
Tue, 13-Jun-95  1:00:03 PDT
Frame 113 user MAIL: (MAIL)MAILER 
Tue, 13-Jun-95  2:00:02 PDT
Frame 49 user MAIL: (MAIL)MAILER 
Tue, 13-Jun-95  3:00:00 PDT
Frame 57 user MAIL: (MAIL)MAILER 
Tue, 13-Jun-95  4:00:02 PDT
Frame 37 user MAIL: (MAIL)MAILER 
Tue, 13-Jun-95  5:00:01 PDT
Frame 74 user MAIL: (MAIL)MAILER 
Tue, 13-Jun-95  6:00:02 PDT
Frame 114 user MAIL: (MAIL)MAILER 
Tue, 13-Jun-95  7:00:04 PDT
Frame ser MAIL: (MAIL)MAILER 
Tue, 13-Jun-95  8:00:00 PDT
Frame 36 user MAIL: (MAIL)MAILER 
Frame 65 user PERPOPER: (SYS)REDSAT 
Tue, 13-Jun-95  9:00:01 PDT
Frame 114 user MAIL: (MAIL)MAILER 
Tue, 13-Jun-95 10:00:01 PDT
Frame 114 user MAIL: (MAIL)MAILER 
Tue, 13-Jun-95 11:00:01 PDT
Frame 48 user MAIL: (MAIL)MAILER 
Tue, 13-Jun-95 12:00:01 PDT
Frame 47 user MAIL: (MAIL)MAILER 
Tue, 13-Jun-95 12:31:29 PDT system startup
Frame 1 user PJ: (PJ)PAM 
Frame 5 user PERPOPER: (SYS)SYSLOG 
Frame 7 user MAIL: (MAIL)MAILER 
Tue, 13-Jun-95 13:00:07 PDT
Frame 77 user MAIL: (MAIL)MAILER 
Tue, 13-Jun-95 14:00:01 PDT
Frame 78 user MAIL: (MAIL)MAILER 
Tue, 13-Jun-95 15:00:06 PDT
Frame 29 user MAIL: (MAIL)MAILER 
Tue, 13-Jun-95 16:00:04 PDT
Frame 11 user MAIL: (MAIL)MAILER 
Frame 25 user PERPOPER: (SYS)REDSAT 
Tue, 13-Jun-95 17:00:00 PDT
Frame 22 user MAIL: (MAIL)MAILER 
Tue, 13-Jun-95 18:00:01 PDT
Frame 50 user MAIL: (MAIL)MAILER 
Tue, 13-Jun-95 19:00:17 PDT
Frame 68 user MAIL: (MAIL)MAILER 
Tue, 13-Jun-95 20:00:10 PDT
Frame 23 user MAIL: (MAIL)MAILER 
Tue, 13-Jun-95 21:00:06 PDT
Frame 37 user MAIL: (MAIL)MAILER 
Tue, 13-Jun-95 22:00:00 PDT
Frame 30 user MAIL: (MAIL)MAILER 
Tue, 13-Jun-95 23:00:07 PDT
Frame 42 user MAIL: (MAIL)MAILER 
Wed, 14-Jun-95  0:00:07 PDT
Frame 84 user MAIL: (MAIL)MAILER 
Frame 85 user PERPOPER: (SYS)REDSAT 
Wed, 14-Jun-95  1:00:02 PDT
Frame 90 user MAIL: (MAIL)MAILER 
Wed, 14-Jun-95  2:00:01 PDT
Frame 109 user MAIL: (MAIL)MAILER 
Wed, 14-Jun-95  3:00:02 PDT
Frame 108 user MAIL: (MAIL)MAILER 
Wed, 14-Jun-95  4:00:02 PDT
Frame 10 user MAIL: (MAIL)MAILER 
Wed, 14-Jun-95  4:42:00 PDT system startup
Frame 1 user PJ: (PJ)PAM 
Frame 5 user PERPOPER: (SYS)SYSLOG 
Frame 7 user MAIL: (MAIL)MAILER 
Wed, 14-Jun-95  5:00:07 PDT
Frame 75 user MAIL: (MAIL)MAILER 
Wed, 14-Jun-95  6:00:04 PDT
Frame 114 user MAIL: (MAIL)MAILER 
Wed, 14-Jun-95  7:00:01 PDT
Frame 70 user MAIL: (MAIL)MAILER 
Wed, 14-Jun-95  8:00:01 PDT
Frame 114 user MAIL: (MAIL)MAILER 
Frame 63 user PERPOPER: (SYS)REDSAT 
Wed, 14-Jun-95  9:00:04 PDT
Frame 70 user MAIL: (MAIL)MAILER 
Wed, 14-Jun-95 10:00:07 PDT
Frame 11 user MAIL: (MAIL)MAILER 
Wed, 14-Jun-95 11:00:01 PDT
Frame 48 user MAIL: (MAIL)MAILER 
Wed, 14-Jun-95 12:00:02 PDT
Frame 23 user MAIL: (MAIL)MAILER 
Wed, 14-Jun-95 13:00:05 PDT
Frame 24 user MAIL: (MAIL)MAILER 
Wed, 14-Jun-95 14:00:00 PDT
Frame 31 user MAIL: (MAIL)MAILER 
Wed, 14-Jun-95 15:00:00 PDT
Frame 45 user MAIL: (MAIL)MAILER 
Wed, 14-Jun-95 16:00:04 PDT
Frame 9 user MAIL: (MAIL)MAILER 
Frame 59 user PERPOPER: (SYS)REDSAT 
Wed, 14-Jun-95 17:00:07 PDT
Frame 44 user MAIL: (MAIL)MAILER 
Wed, 14-Jun-95 18:00:03 PDT
Frame 18 user MAIL: (MAIL)MAILER 
Wed, 14-Jun-95 19:00:07 PDT
Frame 72 user MAIL: (MAIL)MAILER 
Wed, 14-Jun-95 20:00:01 PDT
Frame 20 user MAIL: (MAIL)MAILER 
Wed, 14-Jun-95 20:59:37 PDT
Frame 5 user PERPOPER: LOGOUT status 4,1 exit
Wed, 14-Jun-95 20:59:38 PDT notice to quit
Wed, 14-Jun-95 22:06:44 PDT system startup
Frame 1 user PJ: (PJ)PAM 
Frame 5 user PERPOPER: (SYS)SYSLOG 
Frame 7 user MAIL: (MAIL)MAILER 
Wed, 14-Jun-95 23:00:07 PDT
Frame 29 user MAIL: (MAIL)MAILER 
Thu, 15-Jun-95  0:00:01 PDT
Frame 31 user MAIL: (MAIL)MAILER 
Frame 62 user PERPOPER: (SYS)REDSAT 
Thu, 15-Jun-95  1:00:04 PDT
Frame 102 user MAIL: (MAIL)MAILER 
Thu, 15-Jun-95  2:00:04 PDT
Frame 106 user MAIL: (MAIL)MAILER 
Thu, 15-Jun-95  3:00:04 PDT
Frame 48 user MAIL: (MAIL)MAILER 
Thu, 15-Jun-95  4:00:03 PDT
Frame 33 user MAIL: (MAIL)MAILER 
Thu, 15-Jun-95  5:00:07 PDT
Frame 35 user MAIL: (MAIL)MAILER 
Thu, 15-Jun-95  6:00:06 PDT
Frame 21 user MAIL: (MAIL)MAILER 
Thu, 15-Jun-95  7:00:03 PDT
Frame 89 user MAIL: (MAIL)MAILER 
Thu, 15-Jun-95  8:00:01 PDT
Frame 81 user MAIL: (MAIL)MAILER 
Frame 85 user PERPOPER: (SYS)REDSAT 
Thu, 15-Jun-95  9:00:02 PDT
Frame 115 user MAIL: (MAIL)MAILER 
Thu, 15-Jun-95 10:00:11 PDT
Frame 71 user MAIL: (MAIL)MAILER 
Thu, 15-Jun-95 11:00:01 PDT
Frame 83 user MAIL: (MAIL)MAILER 
Thu, 15-Jun-95 12:00:02 PDT
Frame 8 user MAIL: (MAIL)MAILER 
Thu, 15-Jun-95 13:00:05 PDT
Frame 87 user MAIL: (MAIL)MAILER 
Thu, 15-Jun-95 14:00:06 PDT
Frame 45 user MAIL: (MAIL)MAILER 
Thu, 15-Jun-95 15:00:02 PDT
Frame 69 user MAIL: (MAIL)MAILER 
Thu, 15-Jun-95 16:00:02 PDT
Frame 63 user MAIL: (MAIL)MAILER 
Frame 65 user PERPOPER: (SYS)REDSAT 
Thu, 15-Jun-95 17:00:02 PDT
Frame 56 user MAIL: (MAIL)MAILER 
Thu, 15-Jun-95 18:00:01 PDT
Frame 53 user MAIL: (MAIL)MAILER 
Thu, 15-Jun-95 19:00:12 PDT
Frame 62 user MAIL: (MAIL)MAILER 
Thu, 15-Jun-95 20:00:01 PDT
Frame 9 user MAIL: (MAIL)MAILER 
Thu, 15-Jun-95 21:00:01 PDT
Frame 53 user MAIL: (MAIL)MAILER 
Thu, 15-Jun-95 22:00:02 PDT
Frame 17 user MAIL: (MAIL)MAILER 
Thu, 15-Jun-95 23:00:00 PDT
Frame 30 user MAIL: (MAIL)MAILER 
Fri, 16-Jun-95  0:00:02 PDT
Frame 53 user MAIL: (MAIL)MAILER 
Frame 61 user PERPOPER: (SYS)REDSAT 
Fri, 16-Jun-95  1:00:03 PDT
Frame 63 user MAIL: (MAIL)MAILER 
Fri, 16-Jun-95  2:00:03 PDT
Frame 94 user MAIL: (MAIL)MAILER 
Fri, 16-Jun-95  3:00:02 PDT
Frame 111 user MAIL: (MAIL)MAILER 
Fri, 16-Jun-95  4:00:02 PDT
Frame 27 user MAIL: (MAIL)MAILER 
Fri, 16-Jun-95  5:00:01 PDT
Frame 62 user MAIL: (MAIL)MAILER 
Fri, 16-Jun-95  6:00:01 PDT
Frame 37 user MAIL: (MAIL)MAILER 
Fri, 16-Jun-95  7:00:02 PDT
Frame 89 user MAIL: (MAIL)MAILER 
Fri, 16-Jun-95  8:00:01 PDT
Frame 64 user MAIL: (MAIL)MAILER 
Frame 101 user PERPOPER: (SYS)REDSAT 
Fri, 16-Jun-95  9:00:03 PDT
Frame 115 user MAIL: (MAIL)MAILER 
Fri, 16-Jun-95 10:00:02 PDT
Frame 111 user MAIL: (MAIL)MAILER 
Fri, 16-Jun-95 11:00:02 PDT
Frame 35 user MAIL: (MAIL)MAILER 
Fri, 16-Jun-95 12:00:08 PDT
Frame 96 user MAIL: (MAIL)MAILER 
Fri, 16-Jun-95 13:00:02 PDT
Frame 9 user MAIL: (MAIL)MAILER 
Fri, 16-Jun-95 14:00:07 PDT
Frame 39 user MAIL: (MAIL)MAILER 
Fri, 16-Jun-95 15:00:00 PDT
Frame 31 user MAIL: (MAIL)MAILER 
Fri, 16-Jun-95 16:00:00 PDT
Frame 50 user MAIL: (MAIL)MAILER 
Frame 59 user PERPOPER: (SYS)REDSAT 
Fri, 16-Jun-95 17:00:01 PDT
Frame 48 user MAIL: (MAIL)MAILER 
Fri, 16-Jun-95 18:00:04 PDT
Frame 27 user MAIL: (MAIL)MAILER 
Fri, 16-Jun-95 19:00:08 PDT
Frame 36 user MAIL: (MAIL)MAILER 
Fri, 16-Jun-95 20:00:03 PDT
Frame 10 user MAIL: (MAIL)MAILER 
Fri, 16-Jun-95 21:00:00 PDT
Frame 17 user MAIL: (MAIL)MAILER 
Fri, 16-Jun-95 22:00:00 PDT
Frame 21 user MAIL: (MAIL)MAILER 
Fri, 16-Jun-95 22:59:59 PDT
Frame 8 user MAIL: (MAIL)MAILER 
Sat, 17-Jun-95  0:00:00 PDT
Frame 7 user MAIL: (MAIL)MAILER 
Frame 11 user PERPOPER: (SYS)REDSAT 
Sat, 17-Jun-95  1:00:00 PDT
Frame 34 user MAIL: (MAIL)MAILER 
Sat, 17-Jun-95  1:59:59 PDT
Frame 9 user MAIL: (MAIL)MAILER 
Sat, 17-Jun-95  2:59:59 PDT
Frame 22 user MAIL: (MAIL)MAILER 
Sat, 17-Jun-95  4:00:00 PDT
Frame 8 user MAIL: (MAIL)MAILER 
Sat, 17-Jun-95  5:00:03 PDT
Frame 38 user MAIL: (MAIL)MAILER 
Sat, 17-Jun-95  6:00:00 PDT
Frame 39 user MAIL: (MAIL)MAILER 
Sat, 17-Jun-95  7:00:01 PDT
Frame 34 user MAIL: (MAIL)MAILER 
Sat, 17-Jun-95  8:00:01 PDT
Frame 30 user MAIL: (MAIL)MAILER 
Frame 40 user PERPOPER: (SYS)REDSAT 
Sat, 17-Jun-95  9:00:02 PDT
Frame 24 user MAIL: (MAIL)MAILER 
Sat, 17-Jun-95  9:59:59 PDT
Frame 14 user MAIL: (MAIL)MAILER 
Sat, 17-Jun-95 10:59:59 PDT
Frame 40 user MAIL: (MAIL)MAILER 
Sat, 17-Jun-95 12:00:00 PDT
Frame 28 user MAIL: (MAIL)MAILER 
Sat, 17-Jun-95 13:00:01 PDT
Frame 29 user MAIL: (MAIL)MAILER 
q,ü